Using pre-set license
Built from '2020.3/release' branch; Version is '2020.3.2f1 (8fd9074bf66c) revision 9427207'; Using compiler version '192528614'; Build Type 'Release'
OS: 'Windows 10 Pro; OS build 19042.928; Version 2009; 64bit' Language: 'es' Physical Memory: 15815 MB
BatchMode: 1, IsHumanControllingUs: 0, StartBugReporterOnCrash: 0, Is64bit: 1, IsPro: 0

 COMMAND LINE ARGUMENTS:
F:\AllProyectsUnity\2020.3.2f1\Editor\Unity.exe
-adb2
-batchMode
-noUpm
-name
AssetImportWorker0
-projectPath
F:/android/GameJamTec2021
-logFile
Logs/AssetImportWorker0.log
-srvPort
3535
Successfully changed project path to: F:/android/GameJamTec2021
F:/android/GameJamTec2021
Using Asset Import Pipeline V2.
Refreshing native plugins compatible for Editor in 39.06 ms, found 1 plugins.
Preloading 0 native plugins for Editor in 0.00 ms.
Initialize engine version: 2020.3.2f1 (8fd9074bf66c)
[Subsystems] Discovering subsystems at path F:/AllProyectsUnity/2020.3.2f1/Editor/Data/Resources/UnitySubsystems
[Subsystems] Discovering subsystems at path F:/android/GameJamTec2021/Assets
GfxDevice: creating device client; threaded=0
Direct3D:
    Version:  Direct3D 11.0 [level 11.1]
    Renderer: NVIDIA GeForce GTX 1660 SUPER (ID=0x21c4)
    Vendor:   
    VRAM:     5991 MB
    Driver:   27.21.14.6611
Initialize mono
Mono path[0] = 'F:/AllProyectsUnity/2020.3.2f1/Editor/Data/Managed'
Mono path[1] = 'F:/AllProyectsUnity/2020.3.2f1/Editor/Data/MonoBleedingEdge/lib/mono/unityjit'
Mono config path = 'F:/AllProyectsUnity/2020.3.2f1/Editor/Data/MonoBleedingEdge/etc'
Using monoOptions --debugger-agent=transport=dt_socket,embedding=1,server=y,suspend=n,address=127.0.0.1:56852
Begin MonoManager ReloadAssembly
Registering precompiled unity dll's ...
Register platform support module: F:/AllProyectsUnity/2020.3.2f1/Editor/Data/PlaybackEngines/WebGLSupport/UnityEditor.WebGL.Extensions.dll
Register platform support module: F:/AllProyectsUnity/2020.3.2f1/Editor/Data/PlaybackEngines/WindowsStandaloneSupport/UnityEditor.WindowsStandalone.Extensions.dll
Registered in 0.001550 seconds.
Native extension for WindowsStandalone target not found
Native extension for WebGL target not found
Refreshing native plugins compatible for Editor in 39.12 ms, found 1 plugins.
Preloading 0 native plugins for Editor in 0.00 ms.
Invoked RoslynAnalysisRunner static constructor.
RoslynAnalysisRunner will not be running.
RoslynAnalysisRunner has terminated.
Mono: successfully reloaded assembly
- Completed reload, in  1.037 seconds
Platform modules already initialized, skipping
Registering precompiled user dll's ...
Registered in 0.000764 seconds.
Begin MonoManager ReloadAssembly
Native extension for WindowsStandalone target not found
Native extension for WebGL target not found
Refreshing native plugins compatible for Editor in 38.58 ms, found 1 plugins.
Preloading 0 native plugins for Editor in 0.00 ms.
Invoked RoslynAnalysisRunner static constructor.
RoslynAnalysisRunner will not be running.
RoslynAnalysisRunner has terminated.
Mono: successfully reloaded assembly
- Completed reload, in  0.989 seconds
Platform modules already initialized, skipping
========================================================================
Worker process is ready to serve import requests
Launched and connected shader compiler UnityShaderCompiler.exe after 0.04 seconds
Refreshing native plugins compatible for Editor in 0.37 ms, found 1 plugins.
Preloading 0 native plugins for Editor in 0.00 ms.
Unloading 1808 Unused Serialized files (Serialized files now loaded: 0)
System memory in use before: 84.7 MB.
System memory in use after: 84.8 MB.

Unloading 19 unused Assets to reduce memory usage. Loaded Objects now: 2255.
Total: 2.322000 ms (FindLiveObjects: 0.294300 ms CreateObjectMapping: 0.074300 ms MarkObjects: 1.882600 ms  DeleteObjects: 0.069100 ms)

========================================================================
Received Import Request.
  path: Assets/Materiales
  artifactKey: Guid(224d3d57ad71db14a97a7f4dcb2ff548) Importer(815301076,1909f56bfc062723c751e8b465ee728b)
Start importing Assets/Materiales using Guid(224d3d57ad71db14a97a7f4dcb2ff548) Importer(815301076,1909f56bfc062723c751e8b465ee728b)  -> (artifact id: 'da14ca3f1ef700965f4f551a83f0e69b') in 0.008832 seconds
  Import took 0.011980 seconds .

========================================================================
Received Import Request.
  Time since last request: 6.513299 seconds.
  path: Assets/Materiales/Black.mat
  artifactKey: Guid(0246c8b156ff8294d84879216597419b) Importer(815301076,1909f56bfc062723c751e8b465ee728b)
Start importing Assets/Materiales/Black.mat using Guid(0246c8b156ff8294d84879216597419b) Importer(815301076,1909f56bfc062723c751e8b465ee728b)  -> (artifact id: '954b2fcc1ab8d295bade2938c5a56134') in 0.131160 seconds
  Import took 0.134414 seconds .

========================================================================
Received Import Request.
  Time since last request: 230.972627 seconds.
  path: Assets/Prefeabs
  artifactKey: Guid(0ce91e5e4f0423c449a81c7cc95371a8) Importer(815301076,1909f56bfc062723c751e8b465ee728b)
Start importing Assets/Prefeabs using Guid(0ce91e5e4f0423c449a81c7cc95371a8) Importer(815301076,1909f56bfc062723c751e8b465ee728b)  -> (artifact id: '5f1d68349a9a6475edc6504a736a73fe') in 0.006668 seconds
  Import took 0.009964 seconds .

========================================================================
Received Import Request.
  Time since last request: 5.352523 seconds.
  path: Assets/Scenes/plataforma (6).prefab
  artifactKey: Guid(5d190a41567d80c408cb9bc9354c1a7e) Importer(815301076,1909f56bfc062723c751e8b465ee728b)
Start importing Assets/Scenes/plataforma (6).prefab using Guid(5d190a41567d80c408cb9bc9354c1a7e) Importer(815301076,1909f56bfc062723c751e8b465ee728b)  -> (artifact id: '0c18061c5fb3e93fd29c7c3d4c2ce57c') in 0.063312 seconds
  Import took 0.066784 seconds .

========================================================================
Received Import Request.
  Time since last request: 0.000560 seconds.
  path: Assets/Scenes/plataforma (6).prefab
  artifactKey: Guid(5d190a41567d80c408cb9bc9354c1a7e) Importer(815301076,1909f56bfc062723c751e8b465ee728b)
Start importing Assets/Scenes/plataforma (6).prefab using Guid(5d190a41567d80c408cb9bc9354c1a7e) Importer(815301076,1909f56bfc062723c751e8b465ee728b)  -> (artifact id: '0c18061c5fb3e93fd29c7c3d4c2ce57c') in 0.009610 seconds
  Import took 0.013151 seconds .

========================================================================
Received Import Request.
  Time since last request: 0.091724 seconds.
  path: Assets/Scenes/SampleScene.unity
  artifactKey: Guid(2cda990e2423bbf4892e6590ba056729) Importer(815301076,1909f56bfc062723c751e8b465ee728b)
Start importing Assets/Scenes/SampleScene.unity using Guid(2cda990e2423bbf4892e6590ba056729) Importer(815301076,1909f56bfc062723c751e8b465ee728b)  -> (artifact id: 'c2310208df74c583216671dde88d47ab') in 0.007007 seconds
  Import took 0.010248 seconds .

========================================================================
Received Import Request.
  Time since last request: 17.695022 seconds.
  path: Assets/Prefeabs/plataforma (6).prefab
  artifactKey: Guid(8e1aacf275692b645be3d468f0f08050) Importer(815301076,1909f56bfc062723c751e8b465ee728b)
Start importing Assets/Prefeabs/plataforma (6).prefab using Guid(8e1aacf275692b645be3d468f0f08050) Importer(815301076,1909f56bfc062723c751e8b465ee728b)  -> (artifact id: 'edc363db4da072322984d2803dda3da9') in 0.014680 seconds
  Import took 0.018445 seconds .

========================================================================
Received Import Request.
  Time since last request: 0.005102 seconds.
  path: Assets/Prefeabs/plataforma (6).prefab
  artifactKey: Guid(8e1aacf275692b645be3d468f0f08050) Importer(815301076,1909f56bfc062723c751e8b465ee728b)
Start importing Assets/Prefeabs/plataforma (6).prefab using Guid(8e1aacf275692b645be3d468f0f08050) Importer(815301076,1909f56bfc062723c751e8b465ee728b)  -> (artifact id: 'edc363db4da072322984d2803dda3da9') in 0.013821 seconds
  Import took 0.017278 seconds .

========================================================================
Received Import Request.
  Time since last request: 7.881989 seconds.
  path: Assets/Prefeabs/grande.prefab
  artifactKey: Guid(8e1aacf275692b645be3d468f0f08050) Importer(815301076,1909f56bfc062723c751e8b465ee728b)
Start importing Assets/Prefeabs/grande.prefab using Guid(8e1aacf275692b645be3d468f0f08050) Importer(815301076,1909f56bfc062723c751e8b465ee728b)  -> (artifact id: '7e4c024d1c5e99af55a77f1a94b39dfa') in 0.016162 seconds
  Import took 0.019723 seconds .

========================================================================
Received Import Request.
  Time since last request: 2.553079 seconds.
  path: Assets/Prefeabs/plataforma (3).prefab
  artifactKey: Guid(2f1a792d1d12b2845a47aac122b00774) Importer(815301076,1909f56bfc062723c751e8b465ee728b)
Start importing Assets/Prefeabs/plataforma (3).prefab using Guid(2f1a792d1d12b2845a47aac122b00774) Importer(815301076,1909f56bfc062723c751e8b465ee728b)  -> (artifact id: 'bb92d16b00a2e34492de4e11da9f6cf2') in 0.018524 seconds
  Import took 0.022301 seconds .

========================================================================
Received Import Request.
  Time since last request: 0.004435 seconds.
  path: Assets/Prefeabs/plataforma (3).prefab
  artifactKey: Guid(2f1a792d1d12b2845a47aac122b00774) Importer(815301076,1909f56bfc062723c751e8b465ee728b)
Start importing Assets/Prefeabs/plataforma (3).prefab using Guid(2f1a792d1d12b2845a47aac122b00774) Importer(815301076,1909f56bfc062723c751e8b465ee728b)  -> (artifact id: 'bb92d16b00a2e34492de4e11da9f6cf2') in 0.009701 seconds
  Import took 0.013743 seconds .

========================================================================
Received Import Request.
  Time since last request: 15.176449 seconds.
  path: Assets/Prefeabs/chica.prefab
  artifactKey: Guid(2f1a792d1d12b2845a47aac122b00774) Importer(815301076,1909f56bfc062723c751e8b465ee728b)
Start importing Assets/Prefeabs/chica.prefab using Guid(2f1a792d1d12b2845a47aac122b00774) Importer(815301076,1909f56bfc062723c751e8b465ee728b)  -> (artifact id: 'c17ecd42ca775ecc190c8fb63309792a') in 0.015837 seconds
  Import took 0.019236 seconds .

========================================================================
Received Import Request.
  Time since last request: 68.287224 seconds.
  path: Assets/Materiales/Red.mat
  artifactKey: Guid(17656f13e251f674097436a3601efd4b) Importer(815301076,1909f56bfc062723c751e8b465ee728b)
Start importing Assets/Materiales/Red.mat using Guid(17656f13e251f674097436a3601efd4b) Importer(815301076,1909f56bfc062723c751e8b465ee728b)  -> (artifact id: '195f741127cb2f3f615ff192536310a3') in 0.026456 seconds
  Import took 0.030273 seconds .

========================================================================
Received Import Request.
  Time since last request: 18.672676 seconds.
  path: Assets/Materiales/Black.mat
  artifactKey: Guid(0246c8b156ff8294d84879216597419b) Importer(815301076,1909f56bfc062723c751e8b465ee728b)
Start importing Assets/Materiales/Black.mat using Guid(0246c8b156ff8294d84879216597419b) Importer(815301076,1909f56bfc062723c751e8b465ee728b)  -> (artifact id: 'bde96d08d7e113edd484778896da4093') in 0.022790 seconds
  Import took 0.026049 seconds .

========================================================================
Received Import Request.
  Time since last request: 181.466738 seconds.
  path: Assets/Materiales/Red.mat
  artifactKey: Guid(17656f13e251f674097436a3601efd4b) Importer(815301076,1909f56bfc062723c751e8b465ee728b)
Start importing Assets/Materiales/Red.mat using Guid(17656f13e251f674097436a3601efd4b) Importer(815301076,1909f56bfc062723c751e8b465ee728b)  -> (artifact id: '55bac353a8ebb40ef29b62f56294afbd') in 0.020132 seconds
  Import took 0.024362 seconds .

========================================================================
Received Import Request.
  Time since last request: 155.917488 seconds.
  path: Assets/Prefeabs/plataforma (7).prefab
  artifactKey: Guid(c1e8015ba8fc19c4180e36abc02c3508) Importer(815301076,1909f56bfc062723c751e8b465ee728b)
Start importing Assets/Prefeabs/plataforma (7).prefab using Guid(c1e8015ba8fc19c4180e36abc02c3508) Importer(815301076,1909f56bfc062723c751e8b465ee728b)  -> (artifact id: 'da6497da0f31bbcf96eefe11da37d1d6') in 0.014159 seconds
  Import took 0.017552 seconds .

========================================================================
Received Import Request.
  Time since last request: 0.007213 seconds.
  path: Assets/Prefeabs/plataforma (7).prefab
  artifactKey: Guid(c1e8015ba8fc19c4180e36abc02c3508) Importer(815301076,1909f56bfc062723c751e8b465ee728b)
Start importing Assets/Prefeabs/plataforma (7).prefab using Guid(c1e8015ba8fc19c4180e36abc02c3508) Importer(815301076,1909f56bfc062723c751e8b465ee728b)  -> (artifact id: 'da6497da0f31bbcf96eefe11da37d1d6') in 0.011444 seconds
  Import took 0.014803 seconds .

========================================================================
Received Import Request.
  Time since last request: 11.335206 seconds.
  path: Assets/Prefeabs/ayudaSalto.prefab
  artifactKey: Guid(c1e8015ba8fc19c4180e36abc02c3508) Importer(815301076,1909f56bfc062723c751e8b465ee728b)
Start importing Assets/Prefeabs/ayudaSalto.prefab using Guid(c1e8015ba8fc19c4180e36abc02c3508) Importer(815301076,1909f56bfc062723c751e8b465ee728b)  -> (artifact id: '1d8e3e04e24b0a232882c7fd15810e97') in 0.015158 seconds
  Import took 0.018583 seconds .

========================================================================
Received Import Request.
  Time since last request: 0.001386 seconds.
  path: Assets/Prefeabs/ayudaSalto.prefab
  artifactKey: Guid(c1e8015ba8fc19c4180e36abc02c3508) Importer(815301076,1909f56bfc062723c751e8b465ee728b)
Start importing Assets/Prefeabs/ayudaSalto.prefab using Guid(c1e8015ba8fc19c4180e36abc02c3508) Importer(815301076,1909f56bfc062723c751e8b465ee728b)  -> (artifact id: '1d8e3e04e24b0a232882c7fd15810e97') in 0.011940 seconds
  Import took 0.015592 seconds .

========================================================================
Received Import Request.
  Time since last request: 28.890870 seconds.
  path: Assets/Prefeabs/chica.prefab
  artifactKey: Guid(2f1a792d1d12b2845a47aac122b00774) Importer(815301076,1909f56bfc062723c751e8b465ee728b)
Start importing Assets/Prefeabs/chica.prefab using Guid(2f1a792d1d12b2845a47aac122b00774) Importer(815301076,1909f56bfc062723c751e8b465ee728b)  -> (artifact id: '033f4f0cdade2fb735bb098246abfcb0') in 0.013827 seconds
  Import took 0.017002 seconds .

========================================================================
Received Import Request.
  Time since last request: 0.041783 seconds.
  path: Assets/Prefeabs/chica.prefab
  artifactKey: Guid(2f1a792d1d12b2845a47aac122b00774) Importer(815301076,1909f56bfc062723c751e8b465ee728b)
Start importing Assets/Prefeabs/chica.prefab using Guid(2f1a792d1d12b2845a47aac122b00774) Importer(815301076,1909f56bfc062723c751e8b465ee728b)  -> (artifact id: '033f4f0cdade2fb735bb098246abfcb0') in 0.007900 seconds
  Import took 0.011256 seconds .

========================================================================
Received Import Request.
  Time since last request: 17.581835 seconds.
  path: Assets/Prefeabs/chica.prefab
  artifactKey: Guid(2f1a792d1d12b2845a47aac122b00774) Importer(815301076,1909f56bfc062723c751e8b465ee728b)
Start importing Assets/Prefeabs/chica.prefab using Guid(2f1a792d1d12b2845a47aac122b00774) Importer(815301076,1909f56bfc062723c751e8b465ee728b)  -> (artifact id: '499a344838e391ad3ed83721a5b6a172') in 0.010375 seconds
  Import took 0.013629 seconds .

========================================================================
Received Prepare
Registering precompiled user dll's ...
Registered in 0.001029 seconds.
Begin MonoManager ReloadAssembly
Native extension for WindowsStandalone target not found
Native extension for WebGL target not found
Refreshing native plugins compatible for Editor in 0.37 ms, found 1 plugins.
Preloading 0 native plugins for Editor in 0.00 ms.
Invoked RoslynAnalysisRunner static constructor.
RoslynAnalysisRunner will not be running.
RoslynAnalysisRunner has terminated.
Mono: successfully reloaded assembly
- Completed reload, in  0.893 seconds
Platform modules already initialized, skipping
Refreshing native plugins compatible for Editor in 0.41 ms, found 1 plugins.
Preloading 0 native plugins for Editor in 0.00 ms.
Unloading 1798 Unused Serialized files (Serialized files now loaded: 0)
System memory in use before: 87.5 MB.
System memory in use after: 87.7 MB.

Unloading 7 unused Assets to reduce memory usage. Loaded Objects now: 2299.
Total: 2.019200 ms (FindLiveObjects: 0.220800 ms CreateObjectMapping: 0.045800 ms MarkObjects: 1.735700 ms  DeleteObjects: 0.015600 ms)

========================================================================
Received Import Request.
  Time since last request: 140.882469 seconds.
  path: Assets/Prefeabs/chica.prefab
  artifactKey: Guid(2f1a792d1d12b2845a47aac122b00774) Importer(815301076,1909f56bfc062723c751e8b465ee728b)
Start importing Assets/Prefeabs/chica.prefab using Guid(2f1a792d1d12b2845a47aac122b00774) Importer(815301076,1909f56bfc062723c751e8b465ee728b)  -> (artifact id: '502b56bc691384275a5ca828a37a88d3') in 0.061053 seconds
  Import took 0.064345 seconds .

========================================================================
Received Import Request.
  Time since last request: 8.998787 seconds.
  path: Assets/Prefeabs/grande.prefab
  artifactKey: Guid(8e1aacf275692b645be3d468f0f08050) Importer(815301076,1909f56bfc062723c751e8b465ee728b)
Start importing Assets/Prefeabs/grande.prefab using Guid(8e1aacf275692b645be3d468f0f08050) Importer(815301076,1909f56bfc062723c751e8b465ee728b)  -> (artifact id: '3e4d63edef0de63b78126fa535208e1d') in 0.008099 seconds
  Import took 0.011410 seconds .

========================================================================
Received Import Request.
  Time since last request: 0.016931 seconds.
  path: Assets/Prefeabs/grande.prefab
  artifactKey: Guid(8e1aacf275692b645be3d468f0f08050) Importer(815301076,1909f56bfc062723c751e8b465ee728b)
Start importing Assets/Prefeabs/grande.prefab using Guid(8e1aacf275692b645be3d468f0f08050) Importer(815301076,1909f56bfc062723c751e8b465ee728b)  -> (artifact id: '3e4d63edef0de63b78126fa535208e1d') in 0.011764 seconds
  Import took 0.015083 seconds .

========================================================================
Received Import Request.
  Time since last request: 15.830233 seconds.
  path: Assets/Prefeabs/grande.prefab
  artifactKey: Guid(8e1aacf275692b645be3d468f0f08050) Importer(815301076,1909f56bfc062723c751e8b465ee728b)
Start importing Assets/Prefeabs/grande.prefab using Guid(8e1aacf275692b645be3d468f0f08050) Importer(815301076,1909f56bfc062723c751e8b465ee728b)  -> (artifact id: '3abd45567aa797d7fa7ce64eb854dd21') in 0.009021 seconds
  Import took 0.012474 seconds .

========================================================================
Received Import Request.
  Time since last request: 0.012706 seconds.
  path: Assets/Prefeabs/grande.prefab
  artifactKey: Guid(8e1aacf275692b645be3d468f0f08050) Importer(815301076,1909f56bfc062723c751e8b465ee728b)
Start importing Assets/Prefeabs/grande.prefab using Guid(8e1aacf275692b645be3d468f0f08050) Importer(815301076,1909f56bfc062723c751e8b465ee728b)  -> (artifact id: '3abd45567aa797d7fa7ce64eb854dd21') in 0.010509 seconds
  Import took 0.013956 seconds .

========================================================================
Received Import Request.
  Time since last request: 4.482634 seconds.
  path: Assets/Prefeabs/grande.prefab
  artifactKey: Guid(8e1aacf275692b645be3d468f0f08050) Importer(815301076,1909f56bfc062723c751e8b465ee728b)
Start importing Assets/Prefeabs/grande.prefab using Guid(8e1aacf275692b645be3d468f0f08050) Importer(815301076,1909f56bfc062723c751e8b465ee728b)  -> (artifact id: 'e06bb9df67e92fab248644e2de356162') in 0.009506 seconds
  Import took 0.012707 seconds .

========================================================================
Received Import Request.
  Time since last request: 0.006859 seconds.
  path: Assets/Prefeabs/grande.prefab
  artifactKey: Guid(8e1aacf275692b645be3d468f0f08050) Importer(815301076,1909f56bfc062723c751e8b465ee728b)
Start importing Assets/Prefeabs/grande.prefab using Guid(8e1aacf275692b645be3d468f0f08050) Importer(815301076,1909f56bfc062723c751e8b465ee728b)  -> (artifact id: 'e06bb9df67e92fab248644e2de356162') in 0.009388 seconds
  Import took 0.012647 seconds .

========================================================================
Received Import Request.
  Time since last request: 3379.581917 seconds.
  path: Assets/Prefeabs/ayudaSalto.prefab
  artifactKey: Guid(c1e8015ba8fc19c4180e36abc02c3508) Importer(815301076,1909f56bfc062723c751e8b465ee728b)
Start importing Assets/Prefeabs/ayudaSalto.prefab using Guid(c1e8015ba8fc19c4180e36abc02c3508) Importer(815301076,1909f56bfc062723c751e8b465ee728b)  -> (artifact id: '9dc79556befa890bc127f11545ff8b88') in 0.036357 seconds
  Import took 0.039747 seconds .

========================================================================
Received Import Request.
  Time since last request: 10.289276 seconds.
  path: Assets/Prefeabs/ayudaSalto.prefab
  artifactKey: Guid(c1e8015ba8fc19c4180e36abc02c3508) Importer(815301076,1909f56bfc062723c751e8b465ee728b)
Start importing Assets/Prefeabs/ayudaSalto.prefab using Guid(c1e8015ba8fc19c4180e36abc02c3508) Importer(815301076,1909f56bfc062723c751e8b465ee728b)  -> (artifact id: 'd2f17a138c8c6b4f39e8700aa747cc5d') in 0.008274 seconds
  Import took 0.012274 seconds .

========================================================================
Received Import Request.
  Time since last request: 0.010776 seconds.
  path: Assets/Prefeabs/ayudaSalto.prefab
  artifactKey: Guid(c1e8015ba8fc19c4180e36abc02c3508) Importer(815301076,1909f56bfc062723c751e8b465ee728b)
Start importing Assets/Prefeabs/ayudaSalto.prefab using Guid(c1e8015ba8fc19c4180e36abc02c3508) Importer(815301076,1909f56bfc062723c751e8b465ee728b)  -> (artifact id: 'd2f17a138c8c6b4f39e8700aa747cc5d') in 0.011351 seconds
  Import took 0.014859 seconds .

========================================================================
Received Prepare
Registering precompiled user dll's ...
Registered in 0.000889 seconds.
Begin MonoManager ReloadAssembly
Native extension for WindowsStandalone target not found
Native extension for WebGL target not found
Refreshing native plugins compatible for Editor in 0.40 ms, found 1 plugins.
Preloading 0 native plugins for Editor in 0.00 ms.
Invoked RoslynAnalysisRunner static constructor.
RoslynAnalysisRunner will not be running.
RoslynAnalysisRunner has terminated.
Mono: successfully reloaded assembly
- Completed reload, in  0.961 seconds
Platform modules already initialized, skipping
Refreshing native plugins compatible for Editor in 0.37 ms, found 1 plugins.
Preloading 0 native plugins for Editor in 0.00 ms.
Unloading 1798 Unused Serialized files (Serialized files now loaded: 0)
System memory in use before: 87.6 MB.
System memory in use after: 87.7 MB.

Unloading 7 unused Assets to reduce memory usage. Loaded Objects now: 2304.
Total: 2.067400 ms (FindLiveObjects: 0.204800 ms CreateObjectMapping: 0.045700 ms MarkObjects: 1.797900 ms  DeleteObjects: 0.017500 ms)

========================================================================
Received Prepare
Registering precompiled user dll's ...
Registered in 0.000897 seconds.
Begin MonoManager ReloadAssembly
Native extension for WindowsStandalone target not found
Native extension for WebGL target not found
Refreshing native plugins compatible for Editor in 0.41 ms, found 1 plugins.
Preloading 0 native plugins for Editor in 0.00 ms.
Invoked RoslynAnalysisRunner static constructor.
RoslynAnalysisRunner will not be running.
RoslynAnalysisRunner has terminated.
Mono: successfully reloaded assembly
- Completed reload, in  0.952 seconds
Platform modules already initialized, skipping
Refreshing native plugins compatible for Editor in 0.49 ms, found 1 plugins.
Preloading 0 native plugins for Editor in 0.00 ms.
Unloading 1798 Unused Serialized files (Serialized files now loaded: 0)
System memory in use before: 87.6 MB.
System memory in use after: 87.7 MB.

Unloading 7 unused Assets to reduce memory usage. Loaded Objects now: 2308.
Total: 2.150700 ms (FindLiveObjects: 0.252300 ms CreateObjectMapping: 0.049500 ms MarkObjects: 1.832700 ms  DeleteObjects: 0.015000 ms)

========================================================================
Received Prepare
Registering precompiled user dll's ...
Registered in 0.001609 seconds.
Begin MonoManager ReloadAssembly
Native extension for WindowsStandalone target not found
Native extension for WebGL target not found
Refreshing native plugins compatible for Editor in 0.58 ms, found 1 plugins.
Preloading 0 native plugins for Editor in 0.00 ms.
Invoked RoslynAnalysisRunner static constructor.
RoslynAnalysisRunner will not be running.
RoslynAnalysisRunner has terminated.
Mono: successfully reloaded assembly
- Completed reload, in  0.911 seconds
Platform modules already initialized, skipping
Refreshing native plugins compatible for Editor in 0.55 ms, found 1 plugins.
Preloading 0 native plugins for Editor in 0.00 ms.
Unloading 1798 Unused Serialized files (Serialized files now loaded: 0)
System memory in use before: 87.6 MB.
System memory in use after: 87.8 MB.

Unloading 7 unused Assets to reduce memory usage. Loaded Objects now: 2312.
Total: 2.230500 ms (FindLiveObjects: 0.205700 ms CreateObjectMapping: 0.044700 ms MarkObjects: 1.958900 ms  DeleteObjects: 0.019800 ms)

